<?xml version="1.0" encoding="UTF-8"?>
<testsuite name="labmmba.UserControllerSpec" tests="7" skipped="0" failures="5" errors="0" timestamp="2015-11-14T17:08:13" hostname="Fethrblaka" time="0.264">
  <properties/>
  <testcase name="Test the index action returns the correct model" classname="labmmba.UserControllerSpec" time="0.216"/>
  <testcase name="Test the create action returns the correct model" classname="labmmba.UserControllerSpec" time="0.006"/>
  <testcase name="Test the save action correctly persists an instance" classname="labmmba.UserControllerSpec" time="0.008">
    <failure message="Condition not satisfied:&#10;&#10;false&#10;&#10;TODO: Provide a populateValidParams() implementation for this generated test suite&#10;" type="org.spockframework.runtime.ConditionNotSatisfiedError">Condition not satisfied:

false

TODO: Provide a populateValidParams() implementation for this generated test suite

	at labmmba.UserControllerSpec.populateValidParams(UserControllerSpec.groovy:15)
	at labmmba.UserControllerSpec.Test the save action correctly persists an instance(UserControllerSpec.groovy:51)
</failure>
  </testcase>
  <testcase name="Test that the show action returns the correct model" classname="labmmba.UserControllerSpec" time="0.007">
    <failure message="Condition not satisfied:&#10;&#10;false&#10;&#10;TODO: Provide a populateValidParams() implementation for this generated test suite&#10;" type="org.spockframework.runtime.ConditionNotSatisfiedError">Condition not satisfied:

false

TODO: Provide a populateValidParams() implementation for this generated test suite

	at labmmba.UserControllerSpec.populateValidParams(UserControllerSpec.groovy:15)
	at labmmba.UserControllerSpec.Test that the show action returns the correct model(UserControllerSpec.groovy:70)
</failure>
  </testcase>
  <testcase name="Test that the edit action returns the correct model" classname="labmmba.UserControllerSpec" time="0.005">
    <failure message="Condition not satisfied:&#10;&#10;false&#10;&#10;TODO: Provide a populateValidParams() implementation for this generated test suite&#10;" type="org.spockframework.runtime.ConditionNotSatisfiedError">Condition not satisfied:

false

TODO: Provide a populateValidParams() implementation for this generated test suite

	at labmmba.UserControllerSpec.populateValidParams(UserControllerSpec.groovy:15)
	at labmmba.UserControllerSpec.Test that the edit action returns the correct model(UserControllerSpec.groovy:86)
</failure>
  </testcase>
  <testcase name="Test the update action performs an update on a valid domain instance" classname="labmmba.UserControllerSpec" time="0.014">
    <failure message="Condition not satisfied:&#10;&#10;false&#10;&#10;TODO: Provide a populateValidParams() implementation for this generated test suite&#10;" type="org.spockframework.runtime.ConditionNotSatisfiedError">Condition not satisfied:

false

TODO: Provide a populateValidParams() implementation for this generated test suite

	at labmmba.UserControllerSpec.populateValidParams(UserControllerSpec.groovy:15)
	at labmmba.UserControllerSpec.Test the update action performs an update on a valid domain instance(UserControllerSpec.groovy:116)
</failure>
  </testcase>
  <testcase name="Test that the delete action deletes an instance if it exists" classname="labmmba.UserControllerSpec" time="0.008">
    <failure message="Condition not satisfied:&#10;&#10;false&#10;&#10;TODO: Provide a populateValidParams() implementation for this generated test suite&#10;" type="org.spockframework.runtime.ConditionNotSatisfiedError">Condition not satisfied:

false

TODO: Provide a populateValidParams() implementation for this generated test suite

	at labmmba.UserControllerSpec.populateValidParams(UserControllerSpec.groovy:15)
	at labmmba.UserControllerSpec.Test that the delete action deletes an instance if it exists(UserControllerSpec.groovy:138)
</failure>
  </testcase>
  <system-out><![CDATA[]]></system-out>
  <system-err><![CDATA[]]></system-err>
</testsuite>
