<?xml version="1.0" encoding="UTF-8"?>
<testsuite name="labmmba.ThesiSpec" tests="1" skipped="0" failures="1" errors="0" timestamp="2015-11-14T17:08:13" hostname="Fethrblaka" time="0.091">
  <properties/>
  <testcase name="test something" classname="labmmba.ThesiSpec" time="0.091">
    <failure message="Condition not satisfied:&#10;&#10;true == false&#10;     |&#10;     false&#10;" type="org.spockframework.runtime.SpockComparisonFailure">Condition not satisfied:

true == false
     |
     false

	at labmmba.ThesiSpec.test something(ThesiSpec.groovy:20)
</failure>
  </testcase>
  <system-out><![CDATA[]]></system-out>
  <system-err><![CDATA[]]></system-err>
</testsuite>
