<?xml version="1.0" encoding="UTF-8"?>
<testsuite name="labmmba.FieldControllerSpec" tests="7" skipped="0" failures="5" errors="0" timestamp="2015-11-14T17:08:11" hostname="Fethrblaka" time="0.266">
  <properties/>
  <testcase name="Test the index action returns the correct model" classname="labmmba.FieldControllerSpec" time="0.213"/>
  <testcase name="Test the create action returns the correct model" classname="labmmba.FieldControllerSpec" time="0.008"/>
  <testcase name="Test the save action correctly persists an instance" classname="labmmba.FieldControllerSpec" time="0.008">
    <failure message="Condition not satisfied:&#10;&#10;false&#10;&#10;TODO: Provide a populateValidParams() implementation for this generated test suite&#10;" type="org.spockframework.runtime.ConditionNotSatisfiedError">Condition not satisfied:

false

TODO: Provide a populateValidParams() implementation for this generated test suite

	at labmmba.FieldControllerSpec.populateValidParams(FieldControllerSpec.groovy:15)
	at labmmba.FieldControllerSpec.Test the save action correctly persists an instance(FieldControllerSpec.groovy:51)
</failure>
  </testcase>
  <testcase name="Test that the show action returns the correct model" classname="labmmba.FieldControllerSpec" time="0.008">
    <failure message="Condition not satisfied:&#10;&#10;false&#10;&#10;TODO: Provide a populateValidParams() implementation for this generated test suite&#10;" type="org.spockframework.runtime.ConditionNotSatisfiedError">Condition not satisfied:

false

TODO: Provide a populateValidParams() implementation for this generated test suite

	at labmmba.FieldControllerSpec.populateValidParams(FieldControllerSpec.groovy:15)
	at labmmba.FieldControllerSpec.Test that the show action returns the correct model(FieldControllerSpec.groovy:70)
</failure>
  </testcase>
  <testcase name="Test that the edit action returns the correct model" classname="labmmba.FieldControllerSpec" time="0.006">
    <failure message="Condition not satisfied:&#10;&#10;false&#10;&#10;TODO: Provide a populateValidParams() implementation for this generated test suite&#10;" type="org.spockframework.runtime.ConditionNotSatisfiedError">Condition not satisfied:

false

TODO: Provide a populateValidParams() implementation for this generated test suite

	at labmmba.FieldControllerSpec.populateValidParams(FieldControllerSpec.groovy:15)
	at labmmba.FieldControllerSpec.Test that the edit action returns the correct model(FieldControllerSpec.groovy:86)
</failure>
  </testcase>
  <testcase name="Test the update action performs an update on a valid domain instance" classname="labmmba.FieldControllerSpec" time="0.014">
    <failure message="Condition not satisfied:&#10;&#10;false&#10;&#10;TODO: Provide a populateValidParams() implementation for this generated test suite&#10;" type="org.spockframework.runtime.ConditionNotSatisfiedError">Condition not satisfied:

false

TODO: Provide a populateValidParams() implementation for this generated test suite

	at labmmba.FieldControllerSpec.populateValidParams(FieldControllerSpec.groovy:15)
	at labmmba.FieldControllerSpec.Test the update action performs an update on a valid domain instance(FieldControllerSpec.groovy:116)
</failure>
  </testcase>
  <testcase name="Test that the delete action deletes an instance if it exists" classname="labmmba.FieldControllerSpec" time="0.009">
    <failure message="Condition not satisfied:&#10;&#10;false&#10;&#10;TODO: Provide a populateValidParams() implementation for this generated test suite&#10;" type="org.spockframework.runtime.ConditionNotSatisfiedError">Condition not satisfied:

false

TODO: Provide a populateValidParams() implementation for this generated test suite

	at labmmba.FieldControllerSpec.populateValidParams(FieldControllerSpec.groovy:15)
	at labmmba.FieldControllerSpec.Test that the delete action deletes an instance if it exists(FieldControllerSpec.groovy:138)
</failure>
  </testcase>
  <system-out><![CDATA[]]></system-out>
  <system-err><![CDATA[]]></system-err>
</testsuite>
