<?xml version="1.0" encoding="UTF-8"?>
<testsuite name="labmmba.StudyControllerSpec" tests="7" skipped="0" failures="5" errors="0" timestamp="2015-11-14T17:08:12" hostname="Fethrblaka" time="0.268">
  <properties/>
  <testcase name="Test the index action returns the correct model" classname="labmmba.StudyControllerSpec" time="0.219"/>
  <testcase name="Test the create action returns the correct model" classname="labmmba.StudyControllerSpec" time="0.007"/>
  <testcase name="Test the save action correctly persists an instance" classname="labmmba.StudyControllerSpec" time="0.007">
    <failure message="Condition not satisfied:&#10;&#10;false&#10;&#10;TODO: Provide a populateValidParams() implementation for this generated test suite&#10;" type="org.spockframework.runtime.ConditionNotSatisfiedError">Condition not satisfied:

false

TODO: Provide a populateValidParams() implementation for this generated test suite

	at labmmba.StudyControllerSpec.populateValidParams(StudyControllerSpec.groovy:15)
	at labmmba.StudyControllerSpec.Test the save action correctly persists an instance(StudyControllerSpec.groovy:51)
</failure>
  </testcase>
  <testcase name="Test that the show action returns the correct model" classname="labmmba.StudyControllerSpec" time="0.006">
    <failure message="Condition not satisfied:&#10;&#10;false&#10;&#10;TODO: Provide a populateValidParams() implementation for this generated test suite&#10;" type="org.spockframework.runtime.ConditionNotSatisfiedError">Condition not satisfied:

false

TODO: Provide a populateValidParams() implementation for this generated test suite

	at labmmba.StudyControllerSpec.populateValidParams(StudyControllerSpec.groovy:15)
	at labmmba.StudyControllerSpec.Test that the show action returns the correct model(StudyControllerSpec.groovy:70)
</failure>
  </testcase>
  <testcase name="Test that the edit action returns the correct model" classname="labmmba.StudyControllerSpec" time="0.006">
    <failure message="Condition not satisfied:&#10;&#10;false&#10;&#10;TODO: Provide a populateValidParams() implementation for this generated test suite&#10;" type="org.spockframework.runtime.ConditionNotSatisfiedError">Condition not satisfied:

false

TODO: Provide a populateValidParams() implementation for this generated test suite

	at labmmba.StudyControllerSpec.populateValidParams(StudyControllerSpec.groovy:15)
	at labmmba.StudyControllerSpec.Test that the edit action returns the correct model(StudyControllerSpec.groovy:86)
</failure>
  </testcase>
  <testcase name="Test the update action performs an update on a valid domain instance" classname="labmmba.StudyControllerSpec" time="0.014">
    <failure message="Condition not satisfied:&#10;&#10;false&#10;&#10;TODO: Provide a populateValidParams() implementation for this generated test suite&#10;" type="org.spockframework.runtime.ConditionNotSatisfiedError">Condition not satisfied:

false

TODO: Provide a populateValidParams() implementation for this generated test suite

	at labmmba.StudyControllerSpec.populateValidParams(StudyControllerSpec.groovy:15)
	at labmmba.StudyControllerSpec.Test the update action performs an update on a valid domain instance(StudyControllerSpec.groovy:116)
</failure>
  </testcase>
  <testcase name="Test that the delete action deletes an instance if it exists" classname="labmmba.StudyControllerSpec" time="0.008">
    <failure message="Condition not satisfied:&#10;&#10;false&#10;&#10;TODO: Provide a populateValidParams() implementation for this generated test suite&#10;" type="org.spockframework.runtime.ConditionNotSatisfiedError">Condition not satisfied:

false

TODO: Provide a populateValidParams() implementation for this generated test suite

	at labmmba.StudyControllerSpec.populateValidParams(StudyControllerSpec.groovy:15)
	at labmmba.StudyControllerSpec.Test that the delete action deletes an instance if it exists(StudyControllerSpec.groovy:138)
</failure>
  </testcase>
  <system-out><![CDATA[]]></system-out>
  <system-err><![CDATA[]]></system-err>
</testsuite>
