<?xml version="1.0" encoding="UTF-8"?>
<testsuite name="labmmba.UserSpec" tests="1" skipped="0" failures="1" errors="0" timestamp="2015-11-14T17:08:14" hostname="Fethrblaka" time="0.094">
  <properties/>
  <testcase name="test something" classname="labmmba.UserSpec" time="0.094">
    <failure message="Condition not satisfied:&#10;&#10;true == false&#10;     |&#10;     false&#10;" type="org.spockframework.runtime.SpockComparisonFailure">Condition not satisfied:

true == false
     |
     false

	at labmmba.UserSpec.test something(UserSpec.groovy:20)
</failure>
  </testcase>
  <system-out><![CDATA[]]></system-out>
  <system-err><![CDATA[]]></system-err>
</testsuite>
