<?xml version="1.0" encoding="UTF-8"?>
<testsuite name="labmmba.ExperimentControllerSpec" tests="7" skipped="0" failures="5" errors="0" timestamp="2015-11-14T17:08:10" hostname="Fethrblaka" time="0.264">
  <properties/>
  <testcase name="Test the index action returns the correct model" classname="labmmba.ExperimentControllerSpec" time="0.204"/>
  <testcase name="Test the create action returns the correct model" classname="labmmba.ExperimentControllerSpec" time="0.007"/>
  <testcase name="Test the save action correctly persists an instance" classname="labmmba.ExperimentControllerSpec" time="0.009">
    <failure message="Condition not satisfied:&#10;&#10;false&#10;&#10;TODO: Provide a populateValidParams() implementation for this generated test suite&#10;" type="org.spockframework.runtime.ConditionNotSatisfiedError">Condition not satisfied:

false

TODO: Provide a populateValidParams() implementation for this generated test suite

	at labmmba.ExperimentControllerSpec.populateValidParams(ExperimentControllerSpec.groovy:15)
	at labmmba.ExperimentControllerSpec.Test the save action correctly persists an instance(ExperimentControllerSpec.groovy:51)
</failure>
  </testcase>
  <testcase name="Test that the show action returns the correct model" classname="labmmba.ExperimentControllerSpec" time="0.008">
    <failure message="Condition not satisfied:&#10;&#10;false&#10;&#10;TODO: Provide a populateValidParams() implementation for this generated test suite&#10;" type="org.spockframework.runtime.ConditionNotSatisfiedError">Condition not satisfied:

false

TODO: Provide a populateValidParams() implementation for this generated test suite

	at labmmba.ExperimentControllerSpec.populateValidParams(ExperimentControllerSpec.groovy:15)
	at labmmba.ExperimentControllerSpec.Test that the show action returns the correct model(ExperimentControllerSpec.groovy:70)
</failure>
  </testcase>
  <testcase name="Test that the edit action returns the correct model" classname="labmmba.ExperimentControllerSpec" time="0.007">
    <failure message="Condition not satisfied:&#10;&#10;false&#10;&#10;TODO: Provide a populateValidParams() implementation for this generated test suite&#10;" type="org.spockframework.runtime.ConditionNotSatisfiedError">Condition not satisfied:

false

TODO: Provide a populateValidParams() implementation for this generated test suite

	at labmmba.ExperimentControllerSpec.populateValidParams(ExperimentControllerSpec.groovy:15)
	at labmmba.ExperimentControllerSpec.Test that the edit action returns the correct model(ExperimentControllerSpec.groovy:86)
</failure>
  </testcase>
  <testcase name="Test the update action performs an update on a valid domain instance" classname="labmmba.ExperimentControllerSpec" time="0.017">
    <failure message="Condition not satisfied:&#10;&#10;false&#10;&#10;TODO: Provide a populateValidParams() implementation for this generated test suite&#10;" type="org.spockframework.runtime.ConditionNotSatisfiedError">Condition not satisfied:

false

TODO: Provide a populateValidParams() implementation for this generated test suite

	at labmmba.ExperimentControllerSpec.populateValidParams(ExperimentControllerSpec.groovy:15)
	at labmmba.ExperimentControllerSpec.Test the update action performs an update on a valid domain instance(ExperimentControllerSpec.groovy:116)
</failure>
  </testcase>
  <testcase name="Test that the delete action deletes an instance if it exists" classname="labmmba.ExperimentControllerSpec" time="0.01">
    <failure message="Condition not satisfied:&#10;&#10;false&#10;&#10;TODO: Provide a populateValidParams() implementation for this generated test suite&#10;" type="org.spockframework.runtime.ConditionNotSatisfiedError">Condition not satisfied:

false

TODO: Provide a populateValidParams() implementation for this generated test suite

	at labmmba.ExperimentControllerSpec.populateValidParams(ExperimentControllerSpec.groovy:15)
	at labmmba.ExperimentControllerSpec.Test that the delete action deletes an instance if it exists(ExperimentControllerSpec.groovy:138)
</failure>
  </testcase>
  <system-out><![CDATA[]]></system-out>
  <system-err><![CDATA[]]></system-err>
</testsuite>
