<?xml version="1.0" encoding="UTF-8"?>
<testsuite name="labmmba.AdministratorControllerSpec" tests="7" skipped="0" failures="5" errors="0" timestamp="2015-11-14T17:08:06" hostname="Fethrblaka" time="3.151">
  <properties/>
  <testcase name="Test the index action returns the correct model" classname="labmmba.AdministratorControllerSpec" time="2.921"/>
  <testcase name="Test the create action returns the correct model" classname="labmmba.AdministratorControllerSpec" time="0.054"/>
  <testcase name="Test the save action correctly persists an instance" classname="labmmba.AdministratorControllerSpec" time="0.052">
    <failure message="Condition not satisfied:&#10;&#10;false&#10;&#10;TODO: Provide a populateValidParams() implementation for this generated test suite&#10;" type="org.spockframework.runtime.ConditionNotSatisfiedError">Condition not satisfied:

false

TODO: Provide a populateValidParams() implementation for this generated test suite

	at labmmba.AdministratorControllerSpec.populateValidParams(AdministratorControllerSpec.groovy:15)
	at labmmba.AdministratorControllerSpec.Test the save action correctly persists an instance(AdministratorControllerSpec.groovy:51)
</failure>
  </testcase>
  <testcase name="Test that the show action returns the correct model" classname="labmmba.AdministratorControllerSpec" time="0.011">
    <failure message="Condition not satisfied:&#10;&#10;false&#10;&#10;TODO: Provide a populateValidParams() implementation for this generated test suite&#10;" type="org.spockframework.runtime.ConditionNotSatisfiedError">Condition not satisfied:

false

TODO: Provide a populateValidParams() implementation for this generated test suite

	at labmmba.AdministratorControllerSpec.populateValidParams(AdministratorControllerSpec.groovy:15)
	at labmmba.AdministratorControllerSpec.Test that the show action returns the correct model(AdministratorControllerSpec.groovy:70)
</failure>
  </testcase>
  <testcase name="Test that the edit action returns the correct model" classname="labmmba.AdministratorControllerSpec" time="0.009">
    <failure message="Condition not satisfied:&#10;&#10;false&#10;&#10;TODO: Provide a populateValidParams() implementation for this generated test suite&#10;" type="org.spockframework.runtime.ConditionNotSatisfiedError">Condition not satisfied:

false

TODO: Provide a populateValidParams() implementation for this generated test suite

	at labmmba.AdministratorControllerSpec.populateValidParams(AdministratorControllerSpec.groovy:15)
	at labmmba.AdministratorControllerSpec.Test that the edit action returns the correct model(AdministratorControllerSpec.groovy:86)
</failure>
  </testcase>
  <testcase name="Test the update action performs an update on a valid domain instance" classname="labmmba.AdministratorControllerSpec" time="0.092">
    <failure message="Condition not satisfied:&#10;&#10;false&#10;&#10;TODO: Provide a populateValidParams() implementation for this generated test suite&#10;" type="org.spockframework.runtime.ConditionNotSatisfiedError">Condition not satisfied:

false

TODO: Provide a populateValidParams() implementation for this generated test suite

	at labmmba.AdministratorControllerSpec.populateValidParams(AdministratorControllerSpec.groovy:15)
	at labmmba.AdministratorControllerSpec.Test the update action performs an update on a valid domain instance(AdministratorControllerSpec.groovy:116)
</failure>
  </testcase>
  <testcase name="Test that the delete action deletes an instance if it exists" classname="labmmba.AdministratorControllerSpec" time="0.012">
    <failure message="Condition not satisfied:&#10;&#10;false&#10;&#10;TODO: Provide a populateValidParams() implementation for this generated test suite&#10;" type="org.spockframework.runtime.ConditionNotSatisfiedError">Condition not satisfied:

false

TODO: Provide a populateValidParams() implementation for this generated test suite

	at labmmba.AdministratorControllerSpec.populateValidParams(AdministratorControllerSpec.groovy:15)
	at labmmba.AdministratorControllerSpec.Test that the delete action deletes an instance if it exists(AdministratorControllerSpec.groovy:138)
</failure>
  </testcase>
  <system-out><![CDATA[]]></system-out>
  <system-err><![CDATA[]]></system-err>
</testsuite>
