<?xml version="1.0" encoding="UTF-8"?>
<testsuite name="labmmba.ProyectControllerSpec" tests="7" skipped="0" failures="5" errors="0" timestamp="2015-11-14T17:08:12" hostname="Fethrblaka" time="0.244">
  <properties/>
  <testcase name="Test the index action returns the correct model" classname="labmmba.ProyectControllerSpec" time="0.19"/>
  <testcase name="Test the create action returns the correct model" classname="labmmba.ProyectControllerSpec" time="0.007"/>
  <testcase name="Test the save action correctly persists an instance" classname="labmmba.ProyectControllerSpec" time="0.008">
    <failure message="Condition not satisfied:&#10;&#10;false&#10;&#10;TODO: Provide a populateValidParams() implementation for this generated test suite&#10;" type="org.spockframework.runtime.ConditionNotSatisfiedError">Condition not satisfied:

false

TODO: Provide a populateValidParams() implementation for this generated test suite

	at labmmba.ProyectControllerSpec.populateValidParams(ProyectControllerSpec.groovy:15)
	at labmmba.ProyectControllerSpec.Test the save action correctly persists an instance(ProyectControllerSpec.groovy:51)
</failure>
  </testcase>
  <testcase name="Test that the show action returns the correct model" classname="labmmba.ProyectControllerSpec" time="0.007">
    <failure message="Condition not satisfied:&#10;&#10;false&#10;&#10;TODO: Provide a populateValidParams() implementation for this generated test suite&#10;" type="org.spockframework.runtime.ConditionNotSatisfiedError">Condition not satisfied:

false

TODO: Provide a populateValidParams() implementation for this generated test suite

	at labmmba.ProyectControllerSpec.populateValidParams(ProyectControllerSpec.groovy:15)
	at labmmba.ProyectControllerSpec.Test that the show action returns the correct model(ProyectControllerSpec.groovy:70)
</failure>
  </testcase>
  <testcase name="Test that the edit action returns the correct model" classname="labmmba.ProyectControllerSpec" time="0.007">
    <failure message="Condition not satisfied:&#10;&#10;false&#10;&#10;TODO: Provide a populateValidParams() implementation for this generated test suite&#10;" type="org.spockframework.runtime.ConditionNotSatisfiedError">Condition not satisfied:

false

TODO: Provide a populateValidParams() implementation for this generated test suite

	at labmmba.ProyectControllerSpec.populateValidParams(ProyectControllerSpec.groovy:15)
	at labmmba.ProyectControllerSpec.Test that the edit action returns the correct model(ProyectControllerSpec.groovy:86)
</failure>
  </testcase>
  <testcase name="Test the update action performs an update on a valid domain instance" classname="labmmba.ProyectControllerSpec" time="0.016">
    <failure message="Condition not satisfied:&#10;&#10;false&#10;&#10;TODO: Provide a populateValidParams() implementation for this generated test suite&#10;" type="org.spockframework.runtime.ConditionNotSatisfiedError">Condition not satisfied:

false

TODO: Provide a populateValidParams() implementation for this generated test suite

	at labmmba.ProyectControllerSpec.populateValidParams(ProyectControllerSpec.groovy:15)
	at labmmba.ProyectControllerSpec.Test the update action performs an update on a valid domain instance(ProyectControllerSpec.groovy:116)
</failure>
  </testcase>
  <testcase name="Test that the delete action deletes an instance if it exists" classname="labmmba.ProyectControllerSpec" time="0.008">
    <failure message="Condition not satisfied:&#10;&#10;false&#10;&#10;TODO: Provide a populateValidParams() implementation for this generated test suite&#10;" type="org.spockframework.runtime.ConditionNotSatisfiedError">Condition not satisfied:

false

TODO: Provide a populateValidParams() implementation for this generated test suite

	at labmmba.ProyectControllerSpec.populateValidParams(ProyectControllerSpec.groovy:15)
	at labmmba.ProyectControllerSpec.Test that the delete action deletes an instance if it exists(ProyectControllerSpec.groovy:138)
</failure>
  </testcase>
  <system-out><![CDATA[]]></system-out>
  <system-err><![CDATA[]]></system-err>
</testsuite>
